debug.log[2020-08-14 14:19:24 +0300] [17892] [INFO] Starting gunicorn 20.0.4
[2020-08-14 14:19:24 +0300] [17892] [INFO] Listening at: http://127.0.0.1:8000 (17892)
[2020-08-14 14:19:24 +0300] [17892] [INFO] Using worker: sync
[2020-08-14 14:19:24 +0300] [17895] [INFO] Booting worker with pid: 17895
[2020-08-14 14:19:24 +0300] [17896] [INFO] Booting worker with pid: 17896
Not Found: /favicon.ico
[2020-08-14 11:19:52,444] log: WARNING - Not Found: /favicon.ico
Not Found: /favicon.ico
[2020-08-14 11:20:15,769] log: WARNING - Not Found: /favicon.ico
Not Found: /favicon.ico
[2020-08-14 11:21:24,613] log: WARNING - Not Found: /favicon.ico
Not Found: /favicon.ico
[2020-08-14 11:23:01,613] log: WARNING - Not Found: /favicon.ico
Not Found: /favicon.ico
[2020-08-14 11:25:42,137] log: WARNING - Not Found: /favicon.ico
Not Found: /favicon.ico
[2020-08-14 11:26:46,891] log: WARNING - Not Found: /favicon.ico
Not Found: /boaform/admin/formLogin
[2020-08-14 11:39:46,882] log: WARNING - Not Found: /boaform/admin/formLogin
Not Found: /favicon.ico
[2020-08-14 11:49:28,535] log: WARNING - Not Found: /favicon.ico
Not Found: /favicon.ico
[2020-08-14 11:49:31,972] log: WARNING - Not Found: /favicon.ico
Not Found: /favicon.ico
[2020-08-14 11:49:36,336] log: WARNING - Not Found: /favicon.ico
Not Found: /favicon.ico
[2020-08-14 11:49:43,795] log: WARNING - Not Found: /favicon.ico
Not Found: /favicon.ico
[2020-08-14 11:49:52,681] log: WARNING - Not Found: /favicon.ico
Not Found: /favicon.ico
[2020-08-14 11:50:05,527] log: WARNING - Not Found: /favicon.ico
Not Found: /favicon.ico
[2020-08-14 11:50:06,182] log: WARNING - Not Found: /favicon.ico
Not Found: /favicon.ico
[2020-08-14 11:50:42,966] log: WARNING - Not Found: /favicon.ico
Not Found: /favicon.ico
[2020-08-14 11:51:52,203] log: WARNING - Not Found: /favicon.ico
Not Found: /favicon.ico
[2020-08-14 12:14:29,142] log: WARNING - Not Found: /favicon.ico
Not Found: /favicon.ico
[2020-08-14 12:18:55,681] log: WARNING - Not Found: /favicon.ico
Not Found: /favicon.ico
[2020-08-14 12:23:13,035] log: WARNING - Not Found: /favicon.ico
Not Found: /boaform/admin/formLogin
[2020-08-14 13:13:40,524] log: WARNING - Not Found: /boaform/admin/formLogin
